<?xml version="1.0" encoding="UTF-8"?>
<!-- Generated by org.testng.reporters.JUnitReportReporter -->
<testsuite hostname="srivastav" failures="0" tests="1" name="lastName.TestCasesClass" time="10.182" errors="0" timestamp="2023-03-28T16:54:03 IST" skipped="0">
  <testcase classname="lastName.TestCasesClass" name="ltNamecorrectTest" time="10.182"/>
  <system-out/>
</testsuite> <!-- lastName.TestCasesClass -->
