<?xml version="1.0" encoding="UTF-8"?>
<!-- Generated by org.testng.reporters.JUnitReportReporter -->
<testsuite hostname="srivastav" failures="0" tests="1" name="address.TestCasesClass" time="7.900" errors="0" timestamp="2023-03-28T12:33:58 IST" skipped="0">
  <testcase classname="address.TestCasesClass" name="StreetAddress" time="7.900"/>
  <system-out/>
</testsuite> <!-- address.TestCasesClass -->
