<?xml version="1.0" encoding="UTF-8"?>
<!-- Generated by org.testng.reporters.JUnitReportReporter -->
<testsuite hostname="srivastav" failures="0" tests="3" name="verificationCode.TestCasesClass" time="30.027" errors="0" timestamp="2023-03-28T16:39:05 IST" skipped="0">
  <testcase classname="verificationCode.TestCasesClass" name="incorrectverificationCodeTest" time="10.387"/>
  <system-out/>
  <testcase classname="verificationCode.TestCasesClass" name="verificationCodeTest" time="8.999"/>
  <system-out/>
  <testcase classname="verificationCode.TestCasesClass" name="correctverificationCodeTest" time="10.641"/>
  <system-out/>
</testsuite> <!-- verificationCode.TestCasesClass -->
