<?xml version="1.0" encoding="UTF-8"?>
<!-- Generated by org.testng.reporters.JUnitReportReporter -->
<testsuite hostname="srivastav" failures="0" tests="1" name="firstName.TestCasesClass" time="17.141" errors="0" timestamp="2023-03-28T16:53:43 IST" skipped="0">
  <testcase classname="firstName.TestCasesClass" name="ftNamecorrectTest" time="17.141"/>
  <system-out/>
</testsuite> <!-- firstName.TestCasesClass -->
