<?xml version="1.0" encoding="UTF-8"?>
<!-- Generated by org.testng.reporters.JUnitReportReporter -->
<testsuite hostname="srivastav" failures="0" tests="4" name="eMail.TestCasesClass" time="44.220" errors="0" timestamp="2023-03-28T15:57:48 IST" skipped="0">
  <testcase classname="eMail.TestCasesClass" name="incorrecteMail2" time="16.090"/>
  <system-out/>
  <testcase classname="eMail.TestCasesClass" name="correcteMail" time="9.559"/>
  <system-out/>
  <testcase classname="eMail.TestCasesClass" name="incorrecteMail1" time="8.716"/>
  <system-out/>
  <testcase classname="eMail.TestCasesClass" name="incorrecteMail3" time="9.855"/>
  <system-out/>
</testsuite> <!-- eMail.TestCasesClass -->
