<?xml version="1.0" encoding="UTF-8"?>
<!-- Generated by org.testng.reporters.JUnitReportReporter -->
<testsuite hostname="srivastav" failures="0" tests="2" name="datePicker.TestCasesClass" time="15.622" errors="0" timestamp="2023-03-28T13:23:16 IST" skipped="0">
  <testcase classname="datePicker.TestCasesClass" name="dodByText" time="7.392"/>
  <system-out/>
  <testcase classname="datePicker.TestCasesClass" name="dodByClick" time="8.230"/>
  <system-out/>
</testsuite> <!-- datePicker.TestCasesClass -->
