<?xml version="1.0" encoding="UTF-8"?>
<!-- Generated by org.testng.reporters.JUnitReportReporter -->
<testsuite hostname="srivastav" failures="0" tests="1" name="query.TestCasesClass" time="9.352" errors="0" timestamp="2023-03-28T15:11:06 IST" skipped="0">
  <testcase classname="query.TestCasesClass" name="queryTest" time="9.352"/>
  <system-out/>
</testsuite> <!-- query.TestCasesClass -->
