<?xml version="1.0" encoding="UTF-8"?>
<!-- Generated by org.testng.reporters.JUnitReportReporter -->
<testsuite hostname="srivastav" failures="0" tests="1" name="gender.TestCasesClass" time="7.334" errors="0" timestamp="2023-03-28T12:15:28 IST" skipped="0">
  <testcase classname="gender.TestCasesClass" name="genderTest" time="7.334"/>
  <system-out/>
</testsuite> <!-- gender.TestCasesClass -->
