<?xml version="1.0" encoding="UTF-8"?>
<!-- Generated by org.testng.reporters.JUnitReportReporter -->
<testsuite hostname="srivastav" failures="0" tests="5" name="mobile.TestCasesClass" time="63.914" errors="0" timestamp="2023-03-28T14:59:19 IST" skipped="0">
  <testcase classname="mobile.TestCasesClass" name="incorrectMobileTest1" time="10.010"/>
  <system-out/>
  <testcase classname="mobile.TestCasesClass" name="incorrectMobileTest3" time="16.078"/>
  <system-out/>
  <testcase classname="mobile.TestCasesClass" name="correctmobileTest" time="10.134"/>
  <system-out/>
  <testcase classname="mobile.TestCasesClass" name="incorrectMobileTest5" time="19.104"/>
  <system-out/>
  <testcase classname="mobile.TestCasesClass" name="incorrectMobileTest4" time="8.588"/>
  <system-out/>
</testsuite> <!-- mobile.TestCasesClass -->
