<?xml version="1.0" encoding="UTF-8"?>
<!-- Generated by org.testng.reporters.JUnitReportReporter -->
<testsuite hostname="srivastav" failures="0" tests="1" name="course.TestCasesClass" time="12.594" errors="0" timestamp="2023-03-28T15:08:05 IST" skipped="0">
  <testcase classname="course.TestCasesClass" name="genderTest" time="12.594"/>
  <system-out/>
</testsuite> <!-- course.TestCasesClass -->
