<?xml version="1.0" encoding="UTF-8"?>
<!-- Generated by org.testng.reporters.JUnitReportReporter -->
<testsuite hostname="srivastav" failures="0" tests="8" name="submit.TestCasesClass" time="142.254" errors="0" timestamp="2023-03-28T16:44:59 IST" skipped="0">
  <testcase classname="submit.TestCasesClass" name="ftNamesubmitTest" time="8.663"/>
  <system-out/>
  <testcase classname="submit.TestCasesClass" name="VerificationFailSubmitTest" time="12.097"/>
  <system-out/>
  <testcase classname="submit.TestCasesClass" name="verificationsubmitTest" time="14.198"/>
  <system-out/>
  <testcase classname="submit.TestCasesClass" name="SubmitTest" time="54.483"/>
  <system-out/>
  <testcase classname="submit.TestCasesClass" name="gendersubmitTest" time="19.123"/>
  <system-out/>
  <testcase classname="submit.TestCasesClass" name="ltNamesubmitTest" time="9.599"/>
  <system-out/>
  <testcase classname="submit.TestCasesClass" name="correctSubmitTest" time="11.081"/>
  <system-out/>
  <testcase classname="submit.TestCasesClass" name="eMailsubmitTest" time="13.010"/>
  <system-out/>
</testsuite> <!-- submit.TestCasesClass -->
