<?xml version="1.0" encoding="UTF-8"?>
<!-- Generated by org.testng.reporters.JUnitReportReporter -->
<testsuite hostname="srivastav" failures="0" tests="4" name="setTime.TestCasesClass" time="44.849" errors="0" timestamp="2023-03-28T14:49:43 IST" skipped="0">
  <testcase classname="setTime.TestCasesClass" name="correctdodByText" time="9.702"/>
  <system-out/>
  <testcase classname="setTime.TestCasesClass" name="incorrectdodByTextHr" time="16.452"/>
  <system-out/>
  <testcase classname="setTime.TestCasesClass" name="incorrectdodByTextMin" time="9.593"/>
  <system-out/>
  <testcase classname="setTime.TestCasesClass" name="dodByClick" time="9.102"/>
  <system-out/>
</testsuite> <!-- setTime.TestCasesClass -->
